<?xml version="1.0" encoding="UTF-8"?>
<!-- Generated by org.testng.reporters.JUnitReportReporter -->
<testsuite skipped="0" hostname="Matti-PC" name="com.qa.test.TC_003_ValidateDatabaseTest" tests="1" failures="0" timestamp="06 May 2019 14:12:49 GMT" time="21.540" errors="0">
  <testcase name="validateRegistration" time="21.540" classname="com.qa.test.TC_003_ValidateDatabaseTest"/>
</testsuite> <!-- com.qa.test.TC_003_ValidateDatabaseTest -->
