<?xml version="1.0" encoding="UTF-8"?>
<!-- Generated by org.testng.reporters.JUnitReportReporter -->
<testsuite skipped="0" hostname="Matti-PC" name="com.qa.test.TC_002_RegisterWithInvalidDataTest" tests="1" failures="0" timestamp="06 May 2019 14:17:08 GMT" time="11.315" errors="0">
  <testcase name="validateRegistration" time="11.315" classname="com.qa.test.TC_002_RegisterWithInvalidDataTest"/>
</testsuite> <!-- com.qa.test.TC_002_RegisterWithInvalidDataTest -->
