<?xml version="1.0" encoding="UTF-8"?>
<!-- Generated by org.testng.reporters.JUnitReportReporter -->
<testsuite hostname="Matti-PC" failures="0" tests="1" name="com.qa.test.TC_003_ValidateDatabaseTest" time="18.420" errors="0" timestamp="24 Jun 2019 15:13:23 GMT" skipped="0">
  <testcase classname="com.qa.test.TC_003_ValidateDatabaseTest" name="validateRegistration" time="18.420"/>
</testsuite> <!-- com.qa.test.TC_003_ValidateDatabaseTest -->
