<?xml version="1.0" encoding="UTF-8"?>
<!-- Generated by org.testng.reporters.JUnitReportReporter -->
<testsuite skipped="0" hostname="Matti-PC" name="com.qa.test.TC_001_RegisterWithValidDataTest" tests="4" failures="0" timestamp="06 May 2019 14:12:49 GMT" time="55.107" errors="0">
  <testcase name="validateRegistration" time="17.739" classname="com.qa.test.TC_001_RegisterWithValidDataTest"/>
  <testcase name="validateRegistration" time="19.865" classname="com.qa.test.TC_001_RegisterWithValidDataTest"/>
  <testcase name="validateRegistration" time="9.636" classname="com.qa.test.TC_001_RegisterWithValidDataTest"/>
  <testcase name="validatePageTitle" time="7.867" classname="com.qa.test.TC_001_RegisterWithValidDataTest"/>
</testsuite> <!-- com.qa.test.TC_001_RegisterWithValidDataTest -->
