<?xml version="1.0" encoding="UTF-8"?>
<!-- Generated by org.testng.reporters.JUnitReportReporter -->
<testsuite skipped="0" hostname="Matti-PC" name="com.qa.test.TC_002_RegisterWithInvalidData" tests="2" failures="0" timestamp="16 Apr 2019 03:46:12 GMT" time="31.240" errors="0">
  <testcase name="validateRegistration" time="13.657" classname="com.qa.test.TC_002_RegisterWithInvalidData"/>
  <testcase name="validateRegistration" time="17.583" classname="com.qa.test.TC_002_RegisterWithInvalidData"/>
</testsuite> <!-- com.qa.test.TC_002_RegisterWithInvalidData -->
