<?xml version="1.0" encoding="UTF-8"?>
<!-- Generated by org.testng.reporters.JUnitReportReporter -->
<testsuite hostname="Matti-PC" failures="0" tests="4" name="com.qa.test.TC_001_RegisterWithValidDataTest" time="46.833" errors="0" timestamp="24 Jun 2019 15:13:23 GMT" skipped="0">
  <testcase classname="com.qa.test.TC_001_RegisterWithValidDataTest" name="validatePageTitle" time="13.604"/>
  <testcase classname="com.qa.test.TC_001_RegisterWithValidDataTest" name="validateRegistration" time="15.571"/>
  <testcase classname="com.qa.test.TC_001_RegisterWithValidDataTest" name="validateRegistration" time="8.911"/>
  <testcase classname="com.qa.test.TC_001_RegisterWithValidDataTest" name="validateRegistration" time="8.747"/>
</testsuite> <!-- com.qa.test.TC_001_RegisterWithValidDataTest -->
